C:\USERS\KHANH NGUYEN\DROPBOX\DEV\PROJS\PROJECT V\DEBUG\PROJECT V.EXE
C:\USERS\KHANH NGUYEN\DROPBOX\DEV\PROJS\PROJECT V\DEBUG\PROJECT V.ILK
C:\USERS\KHANH NGUYEN\DROPBOX\DEV\PROJS\PROJECT V\DEBUG\PROJECT V.PDB
C:\USERS\KHANH NGUYEN\DROPBOX\DEV\PROJS\PROJECT V\PROJECT V\DEBUG\AOI_PROCESSOR.OBJ
C:\USERS\KHANH NGUYEN\DROPBOX\DEV\PROJS\PROJECT V\PROJECT V\DEBUG\BOUNDARY.OBJ
C:\USERS\KHANH NGUYEN\DROPBOX\DEV\PROJS\PROJECT V\PROJECT V\DEBUG\CAPTURERECT.OBJ
C:\USERS\KHANH NGUYEN\DROPBOX\DEV\PROJS\PROJECT V\PROJECT V\DEBUG\CAPTURETRAPEZIUM.OBJ
C:\Users\Khanh Nguyen\Dropbox\dev\projs\Project V\Project V\Debug\cl.command.1.tlog
C:\Users\Khanh Nguyen\Dropbox\dev\projs\Project V\Project V\Debug\CL.read.1.tlog
C:\Users\Khanh Nguyen\Dropbox\dev\projs\Project V\Project V\Debug\CL.write.1.tlog
C:\USERS\KHANH NGUYEN\DROPBOX\DEV\PROJS\PROJECT V\PROJECT V\DEBUG\COLORCHOOSER.OBJ
C:\USERS\KHANH NGUYEN\DROPBOX\DEV\PROJS\PROJECT V\PROJECT V\DEBUG\LINEARALGEBRA.OBJ
C:\Users\Khanh Nguyen\Dropbox\dev\projs\Project V\Project V\Debug\link.10816.read.1.tlog
C:\Users\Khanh Nguyen\Dropbox\dev\projs\Project V\Project V\Debug\link.10816.write.1.tlog
C:\Users\Khanh Nguyen\Dropbox\dev\projs\Project V\Project V\Debug\link.10816-cvtres.read.1.tlog
C:\Users\Khanh Nguyen\Dropbox\dev\projs\Project V\Project V\Debug\link.10816-cvtres.write.1.tlog
C:\Users\Khanh Nguyen\Dropbox\dev\projs\Project V\Project V\Debug\link.10900.read.1.tlog
C:\Users\Khanh Nguyen\Dropbox\dev\projs\Project V\Project V\Debug\link.10900.write.1.tlog
C:\Users\Khanh Nguyen\Dropbox\dev\projs\Project V\Project V\Debug\link.10900-cvtres.read.1.tlog
C:\Users\Khanh Nguyen\Dropbox\dev\projs\Project V\Project V\Debug\link.10900-cvtres.write.1.tlog
C:\Users\Khanh Nguyen\Dropbox\dev\projs\Project V\Project V\Debug\link.10992.read.1.tlog
C:\Users\Khanh Nguyen\Dropbox\dev\projs\Project V\Project V\Debug\link.10992.write.1.tlog
C:\Users\Khanh Nguyen\Dropbox\dev\projs\Project V\Project V\Debug\link.10992-cvtres.read.1.tlog
C:\Users\Khanh Nguyen\Dropbox\dev\projs\Project V\Project V\Debug\link.10992-cvtres.write.1.tlog
C:\Users\Khanh Nguyen\Dropbox\dev\projs\Project V\Project V\Debug\link.2268.read.1.tlog
C:\Users\Khanh Nguyen\Dropbox\dev\projs\Project V\Project V\Debug\link.2268.write.1.tlog
C:\Users\Khanh Nguyen\Dropbox\dev\projs\Project V\Project V\Debug\link.2268-cvtres.read.1.tlog
C:\Users\Khanh Nguyen\Dropbox\dev\projs\Project V\Project V\Debug\link.2268-cvtres.write.1.tlog
C:\Users\Khanh Nguyen\Dropbox\dev\projs\Project V\Project V\Debug\link.2524.read.1.tlog
C:\Users\Khanh Nguyen\Dropbox\dev\projs\Project V\Project V\Debug\link.2524.write.1.tlog
C:\Users\Khanh Nguyen\Dropbox\dev\projs\Project V\Project V\Debug\link.2524-cvtres.read.1.tlog
C:\Users\Khanh Nguyen\Dropbox\dev\projs\Project V\Project V\Debug\link.2524-cvtres.write.1.tlog
C:\Users\Khanh Nguyen\Dropbox\dev\projs\Project V\Project V\Debug\link.3932.read.1.tlog
C:\Users\Khanh Nguyen\Dropbox\dev\projs\Project V\Project V\Debug\link.3932.write.1.tlog
C:\Users\Khanh Nguyen\Dropbox\dev\projs\Project V\Project V\Debug\link.3932-cvtres.read.1.tlog
C:\Users\Khanh Nguyen\Dropbox\dev\projs\Project V\Project V\Debug\link.3932-cvtres.write.1.tlog
C:\Users\Khanh Nguyen\Dropbox\dev\projs\Project V\Project V\Debug\link.4872.read.1.tlog
C:\Users\Khanh Nguyen\Dropbox\dev\projs\Project V\Project V\Debug\link.4872.write.1.tlog
C:\Users\Khanh Nguyen\Dropbox\dev\projs\Project V\Project V\Debug\link.4872-cvtres.read.1.tlog
C:\Users\Khanh Nguyen\Dropbox\dev\projs\Project V\Project V\Debug\link.4872-cvtres.write.1.tlog
C:\Users\Khanh Nguyen\Dropbox\dev\projs\Project V\Project V\Debug\link.4936.read.1.tlog
C:\Users\Khanh Nguyen\Dropbox\dev\projs\Project V\Project V\Debug\link.4936.write.1.tlog
C:\Users\Khanh Nguyen\Dropbox\dev\projs\Project V\Project V\Debug\link.4936-cvtres.read.1.tlog
C:\Users\Khanh Nguyen\Dropbox\dev\projs\Project V\Project V\Debug\link.4936-cvtres.write.1.tlog
C:\Users\Khanh Nguyen\Dropbox\dev\projs\Project V\Project V\Debug\link.4972.read.1.tlog
C:\Users\Khanh Nguyen\Dropbox\dev\projs\Project V\Project V\Debug\link.4972.write.1.tlog
C:\Users\Khanh Nguyen\Dropbox\dev\projs\Project V\Project V\Debug\link.4972-cvtres.read.1.tlog
C:\Users\Khanh Nguyen\Dropbox\dev\projs\Project V\Project V\Debug\link.4972-cvtres.write.1.tlog
C:\Users\Khanh Nguyen\Dropbox\dev\projs\Project V\Project V\Debug\link.5348.read.1.tlog
C:\Users\Khanh Nguyen\Dropbox\dev\projs\Project V\Project V\Debug\link.5348.write.1.tlog
C:\Users\Khanh Nguyen\Dropbox\dev\projs\Project V\Project V\Debug\link.5348-cvtres.read.1.tlog
C:\Users\Khanh Nguyen\Dropbox\dev\projs\Project V\Project V\Debug\link.5348-cvtres.write.1.tlog
C:\Users\Khanh Nguyen\Dropbox\dev\projs\Project V\Project V\Debug\link.5544.read.1.tlog
C:\Users\Khanh Nguyen\Dropbox\dev\projs\Project V\Project V\Debug\link.5544.write.1.tlog
C:\Users\Khanh Nguyen\Dropbox\dev\projs\Project V\Project V\Debug\link.5544-cvtres.read.1.tlog
C:\Users\Khanh Nguyen\Dropbox\dev\projs\Project V\Project V\Debug\link.5544-cvtres.write.1.tlog
C:\Users\Khanh Nguyen\Dropbox\dev\projs\Project V\Project V\Debug\link.5684.read.1.tlog
C:\Users\Khanh Nguyen\Dropbox\dev\projs\Project V\Project V\Debug\link.5684.write.1.tlog
C:\Users\Khanh Nguyen\Dropbox\dev\projs\Project V\Project V\Debug\link.5684-cvtres.read.1.tlog
C:\Users\Khanh Nguyen\Dropbox\dev\projs\Project V\Project V\Debug\link.5684-cvtres.write.1.tlog
C:\Users\Khanh Nguyen\Dropbox\dev\projs\Project V\Project V\Debug\link.5972.read.1.tlog
C:\Users\Khanh Nguyen\Dropbox\dev\projs\Project V\Project V\Debug\link.5972.write.1.tlog
C:\Users\Khanh Nguyen\Dropbox\dev\projs\Project V\Project V\Debug\link.5972-cvtres.read.1.tlog
C:\Users\Khanh Nguyen\Dropbox\dev\projs\Project V\Project V\Debug\link.5972-cvtres.write.1.tlog
C:\Users\Khanh Nguyen\Dropbox\dev\projs\Project V\Project V\Debug\link.6724.read.1.tlog
C:\Users\Khanh Nguyen\Dropbox\dev\projs\Project V\Project V\Debug\link.6724.write.1.tlog
C:\Users\Khanh Nguyen\Dropbox\dev\projs\Project V\Project V\Debug\link.6724-cvtres.read.1.tlog
C:\Users\Khanh Nguyen\Dropbox\dev\projs\Project V\Project V\Debug\link.6724-cvtres.write.1.tlog
C:\Users\Khanh Nguyen\Dropbox\dev\projs\Project V\Project V\Debug\link.7048.read.1.tlog
C:\Users\Khanh Nguyen\Dropbox\dev\projs\Project V\Project V\Debug\link.7048.write.1.tlog
C:\Users\Khanh Nguyen\Dropbox\dev\projs\Project V\Project V\Debug\link.7048-cvtres.read.1.tlog
C:\Users\Khanh Nguyen\Dropbox\dev\projs\Project V\Project V\Debug\link.7048-cvtres.write.1.tlog
C:\Users\Khanh Nguyen\Dropbox\dev\projs\Project V\Project V\Debug\link.7808.read.1.tlog
C:\Users\Khanh Nguyen\Dropbox\dev\projs\Project V\Project V\Debug\link.7808.write.1.tlog
C:\Users\Khanh Nguyen\Dropbox\dev\projs\Project V\Project V\Debug\link.7808-cvtres.read.1.tlog
C:\Users\Khanh Nguyen\Dropbox\dev\projs\Project V\Project V\Debug\link.7808-cvtres.write.1.tlog
C:\Users\Khanh Nguyen\Dropbox\dev\projs\Project V\Project V\Debug\link.8008.read.1.tlog
C:\Users\Khanh Nguyen\Dropbox\dev\projs\Project V\Project V\Debug\link.8008.write.1.tlog
C:\Users\Khanh Nguyen\Dropbox\dev\projs\Project V\Project V\Debug\link.8008-cvtres.read.1.tlog
C:\Users\Khanh Nguyen\Dropbox\dev\projs\Project V\Project V\Debug\link.8008-cvtres.write.1.tlog
C:\Users\Khanh Nguyen\Dropbox\dev\projs\Project V\Project V\Debug\link.8568.read.1.tlog
C:\Users\Khanh Nguyen\Dropbox\dev\projs\Project V\Project V\Debug\link.8568.write.1.tlog
C:\Users\Khanh Nguyen\Dropbox\dev\projs\Project V\Project V\Debug\link.8568-cvtres.read.1.tlog
C:\Users\Khanh Nguyen\Dropbox\dev\projs\Project V\Project V\Debug\link.8568-cvtres.write.1.tlog
C:\Users\Khanh Nguyen\Dropbox\dev\projs\Project V\Project V\Debug\link.9104.read.1.tlog
C:\Users\Khanh Nguyen\Dropbox\dev\projs\Project V\Project V\Debug\link.9104.write.1.tlog
C:\Users\Khanh Nguyen\Dropbox\dev\projs\Project V\Project V\Debug\link.9104-cvtres.read.1.tlog
C:\Users\Khanh Nguyen\Dropbox\dev\projs\Project V\Project V\Debug\link.9104-cvtres.write.1.tlog
C:\Users\Khanh Nguyen\Dropbox\dev\projs\Project V\Project V\Debug\link.9580.read.1.tlog
C:\Users\Khanh Nguyen\Dropbox\dev\projs\Project V\Project V\Debug\link.9580.write.1.tlog
C:\Users\Khanh Nguyen\Dropbox\dev\projs\Project V\Project V\Debug\link.9580-cvtres.read.1.tlog
C:\Users\Khanh Nguyen\Dropbox\dev\projs\Project V\Project V\Debug\link.9580-cvtres.write.1.tlog
C:\Users\Khanh Nguyen\Dropbox\dev\projs\Project V\Project V\Debug\link.9876.read.1.tlog
C:\Users\Khanh Nguyen\Dropbox\dev\projs\Project V\Project V\Debug\link.9876.write.1.tlog
C:\Users\Khanh Nguyen\Dropbox\dev\projs\Project V\Project V\Debug\link.9876-cvtres.read.1.tlog
C:\Users\Khanh Nguyen\Dropbox\dev\projs\Project V\Project V\Debug\link.9876-cvtres.write.1.tlog
C:\Users\Khanh Nguyen\Dropbox\dev\projs\Project V\Project V\Debug\link.command.1.tlog
C:\Users\Khanh Nguyen\Dropbox\dev\projs\Project V\Project V\Debug\link.read.1.tlog
C:\Users\Khanh Nguyen\Dropbox\dev\projs\Project V\Project V\Debug\link.write.1.tlog
C:\Users\Khanh Nguyen\Dropbox\dev\projs\Project V\Project V\Debug\link-cvtres.read.1.tlog
C:\Users\Khanh Nguyen\Dropbox\dev\projs\Project V\Project V\Debug\link-cvtres.write.1.tlog
C:\USERS\KHANH NGUYEN\DROPBOX\DEV\PROJS\PROJECT V\PROJECT V\DEBUG\MOTIONDETECTOR.OBJ
C:\Users\Khanh Nguyen\Dropbox\dev\projs\Project V\Project V\Debug\mt.command.1.tlog
C:\Users\Khanh Nguyen\Dropbox\dev\projs\Project V\Project V\Debug\mt.read.1.tlog
C:\Users\Khanh Nguyen\Dropbox\dev\projs\Project V\Project V\Debug\mt.write.1.tlog
C:\USERS\KHANH NGUYEN\DROPBOX\DEV\PROJS\PROJECT V\PROJECT V\DEBUG\PROJECT V.EXE.EMBED.MANIFEST
C:\USERS\KHANH NGUYEN\DROPBOX\DEV\PROJS\PROJECT V\PROJECT V\DEBUG\PROJECT V.EXE.EMBED.MANIFEST.RES
C:\USERS\KHANH NGUYEN\DROPBOX\DEV\PROJS\PROJECT V\PROJECT V\DEBUG\PROJECT V.EXE.INTERMEDIATE.MANIFEST
C:\USERS\KHANH NGUYEN\DROPBOX\DEV\PROJS\PROJECT V\PROJECT V\DEBUG\PROJECT V.OBJ
C:\USERS\KHANH NGUYEN\DROPBOX\DEV\PROJS\PROJECT V\PROJECT V\DEBUG\PROJECT V.PCH
C:\USERS\KHANH NGUYEN\DROPBOX\DEV\PROJS\PROJECT V\PROJECT V\DEBUG\PROJECT V.RES
C:\Users\Khanh Nguyen\Dropbox\dev\projs\Project V\Project V\Debug\Project V_manifest.rc
C:\Users\Khanh Nguyen\Dropbox\dev\projs\Project V\Project V\Debug\rc.command.1.tlog
C:\Users\Khanh Nguyen\Dropbox\dev\projs\Project V\Project V\Debug\rc.read.1.tlog
C:\Users\Khanh Nguyen\Dropbox\dev\projs\Project V\Project V\Debug\rc.write.1.tlog
C:\USERS\KHANH NGUYEN\DROPBOX\DEV\PROJS\PROJECT V\PROJECT V\DEBUG\STDAFX.OBJ
C:\Users\Khanh Nguyen\Dropbox\dev\projs\Project V\Project V\Debug\vc100.idb
C:\USERS\KHANH NGUYEN\DROPBOX\DEV\PROJS\PROJECT V\PROJECT V\DEBUG\VC100.PDB
C:\USERS\KHANH NGUYEN\DROPBOX\DEV\PROJS\PROJECT V\PROJECT V\DEBUG\VIDEOPLAYERUI.OBJ
C:\USERS\KHANH NGUYEN\DROPBOX\DEV\PROJS\PROJECT V\PROJECT V\DEBUG\VIDEOWINDOW.OBJ
C:\USERS\KHANH NGUYEN\DROPBOX\DEV\PROJS\PROJECT V\PROJECT V\DEBUG\VW_MARKER.OBJ
