Build started 10/19/2012 1:10:48 PM.
     1>Project "C:\Users\Khanh Nguyen\Dropbox\dev\projs\Project V\Project V\Project V.vcxproj" on node 2 (build target(s)).
     1>InitializeBuildStatus:
         Creating "Debug\Project V.unsuccessfulbuild" because "AlwaysCreate" was specified.
       ClCompile:
         All outputs are up-to-date.
         c:\Program Files (x86)\Microsoft Visual Studio 10.0\VC\bin\CL.exe /c /IC:\OpenCV2.4\Builds\install\include /I"C:\fltk-1.3.0" /ZI /nologo /W3 /WX- /Od /Oy- /D WIN32 /D _DEBUG /D _CONSOLE /D _CRT_SECURE_NO_WARNINGS /D _UNICODE /D UNICODE /D _AFXDLL /Gm /EHsc /RTC1 /MDd /GS /fp:precise /Zc:wchar_t /Zc:forScope /Yu"StdAfx.h" /Fp"Debug\Project V.pch" /Fo"Debug\\" /Fd"Debug\vc100.pdb" /Gd /TP /analyze- /errorReport:prompt MotionDetector.cpp
         MotionDetector.cpp
       ResourceCompile:
         All outputs are up-to-date.
       ManifestResourceCompile:
         All outputs are up-to-date.
       Link:
         c:\Program Files (x86)\Microsoft Visual Studio 10.0\VC\bin\link.exe /ERRORREPORT:PROMPT /OUT:"C:\Users\Khanh Nguyen\Dropbox\dev\projs\Project V\Debug\Project V.exe" /INCREMENTAL /NOLOGO /LIBPATH:C:\OpenCV2.4\Builds\install\lib /LIBPATH:"C:\fltk-1.3.0\lib" opencv_calib3d242d.lib opencv_contrib242d.lib opencv_core242d.lib opencv_features2d242d.lib opencv_flann242d.lib opencv_gpu242d.lib opencv_highgui242d.lib opencv_imgproc242d.lib opencv_legacy242d.lib opencv_ml242d.lib opencv_nonfree242d.lib opencv_objdetect242d.lib opencv_photo242d.lib opencv_stitching242d.lib opencv_ts242d.lib opencv_video242d.lib opencv_videostab242d.lib fltkd.lib opengl32.lib glu32.lib fltkgld.lib /MANIFEST /ManifestFile:"Debug\Project V.exe.intermediate.manifest" /MANIFESTUAC:"level='asInvoker' uiAccess='false'" /DEBUG /PDB:"C:\Users\Khanh Nguyen\Dropbox\dev\projs\Project V\Debug\Project V.pdb" /SUBSYSTEM:CONSOLE /TLBID:1 /DYNAMICBASE /NXCOMPAT /IMPLIB:"C:\Users\Khanh Nguyen\Dropbox\dev\projs\Project V\Debug\Project V.lib" /MACHINE:X86 "Debug\Project V.res"
         "Debug\Project V.exe.embed.manifest.res"
         Debug\AOI_Processor.obj
         Debug\Boundary.obj
         Debug\CaptureRect.obj
         Debug\ColorChooser.obj
         Debug\MotionDetector.obj
         "Debug\Project V.obj"
         Debug\stdafx.obj
         Debug\VideoPlayerUI.obj
         Debug\VideoWindow.obj
         Debug\VW_Marker.obj
       Manifest:
         C:\Program Files (x86)\Microsoft SDKs\Windows\v7.0A\bin\mt.exe /nologo /verbose /out:"Debug\Project V.exe.embed.manifest" /manifest "Debug\Project V.exe.intermediate.manifest" "c:\Program Files (x86)\Microsoft Visual Studio 10.0\VC\Include\Manifest\dpiaware.manifest"
         All outputs are up-to-date.
       LinkEmbedManifest:
         All outputs are up-to-date.
         Project V.vcxproj -> C:\Users\Khanh Nguyen\Dropbox\dev\projs\Project V\Debug\Project V.exe
       FinalizeBuildStatus:
         Deleting file "Debug\Project V.unsuccessfulbuild".
         Touching "Debug\Project V.lastbuildstate".
     1>Done Building Project "C:\Users\Khanh Nguyen\Dropbox\dev\projs\Project V\Project V\Project V.vcxproj" (build target(s)).

Build succeeded.

Time Elapsed 00:00:01.49
